2019-02-15 09:38:40.561 ERROR 9901 --- [restartedMain] o.s.b.c.l.LoggingApplicationListener     : Cannot set level 'debug #ä¸åç®å½ä¸çæ¥å¿å¯éç½®ä¸åçº§å«' for 'com.yanchong.blog'
2019-02-15 09:38:41.248  INFO 9901 --- [restartedMain] com.yanchong.blog.BlogApplication        : Starting BlogApplication on ccong-PC with PID 9901 (/home/ccong/Desktop/java/blog/target/classes started by ccong in /home/ccong/Desktop/java/blog)
2019-02-15 09:38:41.252  INFO 9901 --- [restartedMain] com.yanchong.blog.BlogApplication        : No active profile set, falling back to default profiles: default
2019-02-15 09:38:41.852  INFO 9901 --- [restartedMain] .e.DevToolsPropertyDefaultsPostProcessor : Devtools property defaults active! Set 'spring.devtools.add-properties' to 'false' to disable
2019-02-15 09:38:41.853  INFO 9901 --- [restartedMain] .e.DevToolsPropertyDefaultsPostProcessor : For additional web related logging consider setting the 'logging.level.web' property to 'DEBUG'
2019-02-15 09:38:45.480  INFO 9901 --- [restartedMain] .s.d.r.c.RepositoryConfigurationDelegate : Bootstrapping Spring Data repositories in DEFAULT mode.
2019-02-15 09:38:46.024  INFO 9901 --- [restartedMain] .s.d.r.c.RepositoryConfigurationDelegate : Finished Spring Data repository scanning in 428ms. Found 6 repository interfaces.
2019-02-15 09:38:47.761  INFO 9901 --- [restartedMain] trationDelegate$BeanPostProcessorChecker : Bean 'org.springframework.transaction.annotation.ProxyTransactionManagementConfiguration' of type [org.springframework.transaction.annotation.ProxyTransactionManagementConfiguration$$EnhancerBySpringCGLIB$$d46cb159] is not eligible for getting processed by all BeanPostProcessors (for example: not eligible for auto-proxying)
2019-02-15 09:38:47.813  INFO 9901 --- [restartedMain] trationDelegate$BeanPostProcessorChecker : Bean 'shiroConfiguration' of type [com.yanchong.blog.Shiro.ShiroConfiguration$$EnhancerBySpringCGLIB$$d89df6c8] is not eligible for getting processed by all BeanPostProcessors (for example: not eligible for auto-proxying)
2019-02-15 09:38:47.978  INFO 9901 --- [restartedMain] trationDelegate$BeanPostProcessorChecker : Bean 'hashedCredentialsMatcher' of type [org.apache.shiro.authc.credential.HashedCredentialsMatcher] is not eligible for getting processed by all BeanPostProcessors (for example: not eligible for auto-proxying)
2019-02-15 09:38:48.084  INFO 9901 --- [restartedMain] trationDelegate$BeanPostProcessorChecker : Bean '(inner bean)#79af8cf4' of type [org.springframework.beans.factory.config.PropertiesFactoryBean] is not eligible for getting processed by all BeanPostProcessors (for example: not eligible for auto-proxying)
2019-02-15 09:38:48.087  INFO 9901 --- [restartedMain] trationDelegate$BeanPostProcessorChecker : Bean '(inner bean)#79af8cf4' of type [java.util.Properties] is not eligible for getting processed by all BeanPostProcessors (for example: not eligible for auto-proxying)
2019-02-15 09:38:48.100  INFO 9901 --- [restartedMain] trationDelegate$BeanPostProcessorChecker : Bean '(inner bean)#53b8ba1c' of type [org.springframework.data.repository.core.support.PropertiesBasedNamedQueries] is not eligible for getting processed by all BeanPostProcessors (for example: not eligible for auto-proxying)
2019-02-15 09:38:48.108  INFO 9901 --- [restartedMain] trationDelegate$BeanPostProcessorChecker : Bean '(inner bean)#10cf9820' of type [org.springframework.data.repository.core.support.RepositoryFragmentsFactoryBean] is not eligible for getting processed by all BeanPostProcessors (for example: not eligible for auto-proxying)
2019-02-15 09:38:48.110  INFO 9901 --- [restartedMain] trationDelegate$BeanPostProcessorChecker : Bean '(inner bean)#10cf9820' of type [org.springframework.data.repository.core.support.RepositoryComposition$RepositoryFragments] is not eligible for getting processed by all BeanPostProcessors (for example: not eligible for auto-proxying)
2019-02-15 09:38:48.121  INFO 9901 --- [restartedMain] trationDelegate$BeanPostProcessorChecker : Bean 'org.springframework.boot.devtools.autoconfigure.DevToolsDataSourceAutoConfiguration' of type [org.springframework.boot.devtools.autoconfigure.DevToolsDataSourceAutoConfiguration$$EnhancerBySpringCGLIB$$af30c090] is not eligible for getting processed by all BeanPostProcessors (for example: not eligible for auto-proxying)
2019-02-15 09:38:48.125  INFO 9901 --- [restartedMain] trationDelegate$BeanPostProcessorChecker : Bean 'org.springframework.boot.autoconfigure.jdbc.DataSourceConfiguration$Hikari' of type [org.springframework.boot.autoconfigure.jdbc.DataSourceConfiguration$Hikari] is not eligible for getting processed by all BeanPostProcessors (for example: not eligible for auto-proxying)
2019-02-15 09:38:48.196  INFO 9901 --- [restartedMain] trationDelegate$BeanPostProcessorChecker : Bean 'spring.datasource-org.springframework.boot.autoconfigure.jdbc.DataSourceProperties' of type [org.springframework.boot.autoconfigure.jdbc.DataSourceProperties] is not eligible for getting processed by all BeanPostProcessors (for example: not eligible for auto-proxying)
2019-02-15 09:38:48.255  INFO 9901 --- [restartedMain] trationDelegate$BeanPostProcessorChecker : Bean 'dataSource' of type [com.zaxxer.hikari.HikariDataSource] is not eligible for getting processed by all BeanPostProcessors (for example: not eligible for auto-proxying)
2019-02-15 09:38:48.284  INFO 9901 --- [restartedMain] trationDelegate$BeanPostProcessorChecker : Bean 'org.springframework.boot.autoconfigure.jdbc.DataSourceInitializerInvoker' of type [org.springframework.boot.autoconfigure.jdbc.DataSourceInitializerInvoker] is not eligible for getting processed by all BeanPostProcessors (for example: not eligible for auto-proxying)
2019-02-15 09:38:48.307  INFO 9901 --- [restartedMain] trationDelegate$BeanPostProcessorChecker : Bean 'inMemoryDatabaseShutdownExecutor' of type [org.springframework.boot.devtools.autoconfigure.DevToolsDataSourceAutoConfiguration$NonEmbeddedInMemoryDatabaseShutdownExecutor] is not eligible for getting processed by all BeanPostProcessors (for example: not eligible for auto-proxying)
2019-02-15 09:38:48.328  INFO 9901 --- [restartedMain] trationDelegate$BeanPostProcessorChecker : Bean 'spring.jpa-org.springframework.boot.autoconfigure.orm.jpa.JpaProperties' of type [org.springframework.boot.autoconfigure.orm.jpa.JpaProperties] is not eligible for getting processed by all BeanPostProcessors (for example: not eligible for auto-proxying)
2019-02-15 09:38:48.339  INFO 9901 --- [restartedMain] trationDelegate$BeanPostProcessorChecker : Bean 'spring.jpa.hibernate-org.springframework.boot.autoconfigure.orm.jpa.HibernateProperties' of type [org.springframework.boot.autoconfigure.orm.jpa.HibernateProperties] is not eligible for getting processed by all BeanPostProcessors (for example: not eligible for auto-proxying)
2019-02-15 09:38:48.345  INFO 9901 --- [restartedMain] trationDelegate$BeanPostProcessorChecker : Bean 'org.springframework.boot.autoconfigure.transaction.TransactionAutoConfiguration' of type [org.springframework.boot.autoconfigure.transaction.TransactionAutoConfiguration$$EnhancerBySpringCGLIB$$68e0ac63] is not eligible for getting processed by all BeanPostProcessors (for example: not eligible for auto-proxying)
2019-02-15 09:38:48.371  INFO 9901 --- [restartedMain] trationDelegate$BeanPostProcessorChecker : Bean 'spring.transaction-org.springframework.boot.autoconfigure.transaction.TransactionProperties' of type [org.springframework.boot.autoconfigure.transaction.TransactionProperties] is not eligible for getting processed by all BeanPostProcessors (for example: not eligible for auto-proxying)
2019-02-15 09:38:48.375  INFO 9901 --- [restartedMain] trationDelegate$BeanPostProcessorChecker : Bean 'platformTransactionManagerCustomizers' of type [org.springframework.boot.autoconfigure.transaction.TransactionManagerCustomizers] is not eligible for getting processed by all BeanPostProcessors (for example: not eligible for auto-proxying)
2019-02-15 09:38:48.383  INFO 9901 --- [restartedMain] trationDelegate$BeanPostProcessorChecker : Bean 'org.springframework.boot.autoconfigure.jdbc.metadata.DataSourcePoolMetadataProvidersConfiguration$HikariPoolDataSourceMetadataProviderConfiguration' of type [org.springframework.boot.autoconfigure.jdbc.metadata.DataSourcePoolMetadataProvidersConfiguration$HikariPoolDataSourceMetadataProviderConfiguration$$EnhancerBySpringCGLIB$$34c3d93d] is not eligible for getting processed by all BeanPostProcessors (for example: not eligible for auto-proxying)
2019-02-15 09:38:48.391  INFO 9901 --- [restartedMain] trationDelegate$BeanPostProcessorChecker : Bean 'hikariPoolDataSourceMetadataProvider' of type [org.springframework.boot.autoconfigure.jdbc.metadata.DataSourcePoolMetadataProvidersConfiguration$HikariPoolDataSourceMetadataProviderConfiguration$$Lambda$323/1382422504] is not eligible for getting processed by all BeanPostProcessors (for example: not eligible for auto-proxying)
2019-02-15 09:38:48.413  INFO 9901 --- [restartedMain] trationDelegate$BeanPostProcessorChecker : Bean 'org.springframework.boot.autoconfigure.orm.jpa.HibernateJpaConfiguration' of type [org.springframework.boot.autoconfigure.orm.jpa.HibernateJpaConfiguration$$EnhancerBySpringCGLIB$$f34373c8] is not eligible for getting processed by all BeanPostProcessors (for example: not eligible for auto-proxying)
2019-02-15 09:38:48.539  INFO 9901 --- [restartedMain] com.zaxxer.hikari.HikariDataSource       : HikariPool-1 - Starting...
2019-02-15 09:38:53.637  INFO 9901 --- [restartedMain] com.zaxxer.hikari.HikariDataSource       : HikariPool-1 - Start completed.
2019-02-15 09:38:53.658  INFO 9901 --- [restartedMain] trationDelegate$BeanPostProcessorChecker : Bean 'jpaVendorAdapter' of type [org.springframework.orm.jpa.vendor.HibernateJpaVendorAdapter] is not eligible for getting processed by all BeanPostProcessors (for example: not eligible for auto-proxying)
2019-02-15 09:38:53.667  INFO 9901 --- [restartedMain] trationDelegate$BeanPostProcessorChecker : Bean 'entityManagerFactoryBuilder' of type [org.springframework.boot.orm.jpa.EntityManagerFactoryBuilder] is not eligible for getting processed by all BeanPostProcessors (for example: not eligible for auto-proxying)
2019-02-15 09:39:04.532  INFO 9901 --- [restartedMain] j.LocalContainerEntityManagerFactoryBean : Initialized JPA EntityManagerFactory for persistence unit 'default'
2019-02-15 09:39:04.549  INFO 9901 --- [restartedMain] trationDelegate$BeanPostProcessorChecker : Bean 'entityManagerFactory' of type [org.springframework.orm.jpa.LocalContainerEntityManagerFactoryBean] is not eligible for getting processed by all BeanPostProcessors (for example: not eligible for auto-proxying)
2019-02-15 09:39:04.553  INFO 9901 --- [restartedMain] trationDelegate$BeanPostProcessorChecker : Bean 'entityManagerFactory' of type [com.sun.proxy.$Proxy86] is not eligible for getting processed by all BeanPostProcessors (for example: not eligible for auto-proxying)
2019-02-15 09:39:04.604  INFO 9901 --- [restartedMain] trationDelegate$BeanPostProcessorChecker : Bean '(inner bean)#12e8cabe' of type [com.sun.proxy.$Proxy88] is not eligible for getting processed by all BeanPostProcessors (for example: not eligible for auto-proxying)
2019-02-15 09:39:04.645  INFO 9901 --- [restartedMain] trationDelegate$BeanPostProcessorChecker : Bean 'jpaMappingContext' of type [org.springframework.data.jpa.repository.config.JpaMetamodelMappingContextFactoryBean] is not eligible for getting processed by all BeanPostProcessors (for example: not eligible for auto-proxying)
2019-02-15 09:39:04.648  INFO 9901 --- [restartedMain] trationDelegate$BeanPostProcessorChecker : Bean 'jpaMappingContext' of type [org.springframework.data.jpa.mapping.JpaMetamodelMappingContext] is not eligible for getting processed by all BeanPostProcessors (for example: not eligible for auto-proxying)
2019-02-15 09:39:05.560  INFO 9901 --- [restartedMain] trationDelegate$BeanPostProcessorChecker : Bean 'userRepository' of type [org.springframework.data.jpa.repository.support.JpaRepositoryFactoryBean] is not eligible for getting processed by all BeanPostProcessors (for example: not eligible for auto-proxying)
2019-02-15 09:39:05.564  INFO 9901 --- [restartedMain] trationDelegate$BeanPostProcessorChecker : Bean 'userRepository' of type [com.sun.proxy.$Proxy90] is not eligible for getting processed by all BeanPostProcessors (for example: not eligible for auto-proxying)
2019-02-15 09:39:05.574  INFO 9901 --- [restartedMain] trationDelegate$BeanPostProcessorChecker : Bean 'userServiceImpl' of type [com.yanchong.blog.Service.impl.UserServiceImpl] is not eligible for getting processed by all BeanPostProcessors (for example: not eligible for auto-proxying)
2019-02-15 09:39:05.577  INFO 9901 --- [restartedMain] trationDelegate$BeanPostProcessorChecker : Bean 'securityRealm' of type [com.yanchong.blog.Shiro.MySecurityRealm] is not eligible for getting processed by all BeanPostProcessors (for example: not eligible for auto-proxying)
2019-02-15 09:39:05.596  INFO 9901 --- [restartedMain] trationDelegate$BeanPostProcessorChecker : Bean 'securityManager' of type [org.apache.shiro.web.mgt.DefaultWebSecurityManager] is not eligible for getting processed by all BeanPostProcessors (for example: not eligible for auto-proxying)
2019-02-15 09:39:07.235  INFO 9901 --- [restartedMain] o.s.b.w.embedded.tomcat.TomcatWebServer  : Tomcat initialized with port(s): 8081 (http)
2019-02-15 09:39:07.389  INFO 9901 --- [restartedMain] o.apache.catalina.core.StandardService   : Starting service [Tomcat]
2019-02-15 09:39:07.391  INFO 9901 --- [restartedMain] org.apache.catalina.core.StandardEngine  : Starting Servlet Engine: Apache Tomcat/9.0.13
2019-02-15 09:39:07.438  INFO 9901 --- [restartedMain] o.a.catalina.core.AprLifecycleListener   : The APR based Apache Tomcat Native library which allows optimal performance in production environments was not found on the java.library.path: [/usr/java/packages/lib/amd64:/usr/lib/x86_64-linux-gnu/jni:/lib/x86_64-linux-gnu:/usr/lib/x86_64-linux-gnu:/usr/lib/jni:/lib:/usr/lib]
2019-02-15 09:39:07.907  INFO 9901 --- [restartedMain] o.a.c.c.C.[Tomcat].[localhost].[/]       : Initializing Spring embedded WebApplicationContext
2019-02-15 09:39:07.913  INFO 9901 --- [restartedMain] o.s.web.context.ContextLoader            : Root WebApplicationContext: initialization completed in 26059 ms
2019-02-15 09:39:09.787  INFO 9901 --- [restartedMain] o.s.s.concurrent.ThreadPoolTaskExecutor  : Initializing ExecutorService 'applicationTaskExecutor'
2019-02-15 09:39:10.872  WARN 9901 --- [restartedMain] org.thymeleaf.templatemode.TemplateMode  : [THYMELEAF][restartedMain] Template Mode 'HTML5' is deprecated. Using Template Mode 'HTML' instead.
2019-02-15 09:39:11.064  INFO 9901 --- [restartedMain] o.s.b.a.w.s.WelcomePageHandlerMapping    : Adding welcome page template: index
2019-02-15 09:39:11.645  INFO 9901 --- [restartedMain] o.s.b.d.a.OptionalLiveReloadServer       : LiveReload server is running on port 35729
2019-02-15 09:39:11.878  INFO 9901 --- [restartedMain] o.s.b.w.embedded.tomcat.TomcatWebServer  : Tomcat started on port(s): 8081 (http) with context path ''
2019-02-15 09:39:11.908  INFO 9901 --- [restartedMain] com.yanchong.blog.BlogApplication        : Started BlogApplication in 32.805 seconds (JVM running for 36.345)
2019-02-15 09:39:11.940  INFO 9901 --- [restartedMain] com.yanchong.blog.BlogApplication        : SpringBoot加载完毕
2019-02-15 09:39:40.728  INFO 9901 --- [Thread-73] o.s.s.concurrent.ThreadPoolTaskExecutor  : Shutting down ExecutorService 'applicationTaskExecutor'
2019-02-15 09:39:40.735  INFO 9901 --- [Thread-73] j.LocalContainerEntityManagerFactoryBean : Closing JPA EntityManagerFactory for persistence unit 'default'
2019-02-15 09:39:40.747  INFO 9901 --- [Thread-73] com.zaxxer.hikari.HikariDataSource       : HikariPool-1 - Shutdown initiated...
2019-02-15 09:39:43.619  INFO 9901 --- [Thread-73] com.zaxxer.hikari.HikariDataSource       : HikariPool-1 - Shutdown completed.
2019-02-15 09:39:51.434 ERROR 10180 --- [restartedMain] o.s.b.c.l.LoggingApplicationListener     : Cannot set level 'info #ä¸åç®å½ä¸çæ¥å¿å¯éç½®ä¸åçº§å«' for 'com.yanchong.blog'
2019-02-15 09:39:51.670  INFO 10180 --- [restartedMain] com.yanchong.blog.BlogApplication        : Starting BlogApplication on ccong-PC with PID 10180 (/home/ccong/Desktop/java/blog/target/classes started by ccong in /home/ccong/Desktop/java/blog)
2019-02-15 09:39:51.673  INFO 10180 --- [restartedMain] com.yanchong.blog.BlogApplication        : No active profile set, falling back to default profiles: default
2019-02-15 09:39:51.915  INFO 10180 --- [restartedMain] .e.DevToolsPropertyDefaultsPostProcessor : Devtools property defaults active! Set 'spring.devtools.add-properties' to 'false' to disable
2019-02-15 09:39:51.920  INFO 10180 --- [restartedMain] .e.DevToolsPropertyDefaultsPostProcessor : For additional web related logging consider setting the 'logging.level.web' property to 'DEBUG'
2019-02-15 09:39:55.069  INFO 10180 --- [restartedMain] .s.d.r.c.RepositoryConfigurationDelegate : Bootstrapping Spring Data repositories in DEFAULT mode.
2019-02-15 09:39:55.457  INFO 10180 --- [restartedMain] .s.d.r.c.RepositoryConfigurationDelegate : Finished Spring Data repository scanning in 367ms. Found 6 repository interfaces.
2019-02-15 09:39:57.204  INFO 10180 --- [restartedMain] trationDelegate$BeanPostProcessorChecker : Bean 'org.springframework.transaction.annotation.ProxyTransactionManagementConfiguration' of type [org.springframework.transaction.annotation.ProxyTransactionManagementConfiguration$$EnhancerBySpringCGLIB$$758059ca] is not eligible for getting processed by all BeanPostProcessors (for example: not eligible for auto-proxying)
2019-02-15 09:39:57.282  INFO 10180 --- [restartedMain] trationDelegate$BeanPostProcessorChecker : Bean 'shiroConfiguration' of type [com.yanchong.blog.Shiro.ShiroConfiguration$$EnhancerBySpringCGLIB$$79b19f39] is not eligible for getting processed by all BeanPostProcessors (for example: not eligible for auto-proxying)
2019-02-15 09:39:57.603  INFO 10180 --- [restartedMain] trationDelegate$BeanPostProcessorChecker : Bean 'hashedCredentialsMatcher' of type [org.apache.shiro.authc.credential.HashedCredentialsMatcher] is not eligible for getting processed by all BeanPostProcessors (for example: not eligible for auto-proxying)
2019-02-15 09:39:57.831  INFO 10180 --- [restartedMain] trationDelegate$BeanPostProcessorChecker : Bean '(inner bean)#25a6a3e8' of type [org.springframework.beans.factory.config.PropertiesFactoryBean] is not eligible for getting processed by all BeanPostProcessors (for example: not eligible for auto-proxying)
2019-02-15 09:39:57.835  INFO 10180 --- [restartedMain] trationDelegate$BeanPostProcessorChecker : Bean '(inner bean)#25a6a3e8' of type [java.util.Properties] is not eligible for getting processed by all BeanPostProcessors (for example: not eligible for auto-proxying)
2019-02-15 09:39:57.850  INFO 10180 --- [restartedMain] trationDelegate$BeanPostProcessorChecker : Bean '(inner bean)#472a067f' of type [org.springframework.data.repository.core.support.PropertiesBasedNamedQueries] is not eligible for getting processed by all BeanPostProcessors (for example: not eligible for auto-proxying)
2019-02-15 09:39:57.866  INFO 10180 --- [restartedMain] trationDelegate$BeanPostProcessorChecker : Bean '(inner bean)#32536b71' of type [org.springframework.data.repository.core.support.RepositoryFragmentsFactoryBean] is not eligible for getting processed by all BeanPostProcessors (for example: not eligible for auto-proxying)
2019-02-15 09:39:57.869  INFO 10180 --- [restartedMain] trationDelegate$BeanPostProcessorChecker : Bean '(inner bean)#32536b71' of type [org.springframework.data.repository.core.support.RepositoryComposition$RepositoryFragments] is not eligible for getting processed by all BeanPostProcessors (for example: not eligible for auto-proxying)
2019-02-15 09:39:57.886  INFO 10180 --- [restartedMain] trationDelegate$BeanPostProcessorChecker : Bean 'org.springframework.boot.devtools.autoconfigure.DevToolsDataSourceAutoConfiguration' of type [org.springframework.boot.devtools.autoconfigure.DevToolsDataSourceAutoConfiguration$$EnhancerBySpringCGLIB$$50446901] is not eligible for getting processed by all BeanPostProcessors (for example: not eligible for auto-proxying)
2019-02-15 09:39:57.902  INFO 10180 --- [restartedMain] trationDelegate$BeanPostProcessorChecker : Bean 'org.springframework.boot.autoconfigure.jdbc.DataSourceConfiguration$Hikari' of type [org.springframework.boot.autoconfigure.jdbc.DataSourceConfiguration$Hikari] is not eligible for getting processed by all BeanPostProcessors (for example: not eligible for auto-proxying)
2019-02-15 09:39:58.134  INFO 10180 --- [restartedMain] trationDelegate$BeanPostProcessorChecker : Bean 'spring.datasource-org.springframework.boot.autoconfigure.jdbc.DataSourceProperties' of type [org.springframework.boot.autoconfigure.jdbc.DataSourceProperties] is not eligible for getting processed by all BeanPostProcessors (for example: not eligible for auto-proxying)
2019-02-15 09:39:58.292  INFO 10180 --- [restartedMain] trationDelegate$BeanPostProcessorChecker : Bean 'dataSource' of type [com.zaxxer.hikari.HikariDataSource] is not eligible for getting processed by all BeanPostProcessors (for example: not eligible for auto-proxying)
2019-02-15 09:39:58.329  INFO 10180 --- [restartedMain] trationDelegate$BeanPostProcessorChecker : Bean 'org.springframework.boot.autoconfigure.jdbc.DataSourceInitializerInvoker' of type [org.springframework.boot.autoconfigure.jdbc.DataSourceInitializerInvoker] is not eligible for getting processed by all BeanPostProcessors (for example: not eligible for auto-proxying)
2019-02-15 09:39:58.364  INFO 10180 --- [restartedMain] trationDelegate$BeanPostProcessorChecker : Bean 'inMemoryDatabaseShutdownExecutor' of type [org.springframework.boot.devtools.autoconfigure.DevToolsDataSourceAutoConfiguration$NonEmbeddedInMemoryDatabaseShutdownExecutor] is not eligible for getting processed by all BeanPostProcessors (for example: not eligible for auto-proxying)
2019-02-15 09:39:58.402  INFO 10180 --- [restartedMain] trationDelegate$BeanPostProcessorChecker : Bean 'spring.jpa-org.springframework.boot.autoconfigure.orm.jpa.JpaProperties' of type [org.springframework.boot.autoconfigure.orm.jpa.JpaProperties] is not eligible for getting processed by all BeanPostProcessors (for example: not eligible for auto-proxying)
2019-02-15 09:39:58.415  INFO 10180 --- [restartedMain] trationDelegate$BeanPostProcessorChecker : Bean 'spring.jpa.hibernate-org.springframework.boot.autoconfigure.orm.jpa.HibernateProperties' of type [org.springframework.boot.autoconfigure.orm.jpa.HibernateProperties] is not eligible for getting processed by all BeanPostProcessors (for example: not eligible for auto-proxying)
2019-02-15 09:39:58.421  INFO 10180 --- [restartedMain] trationDelegate$BeanPostProcessorChecker : Bean 'org.springframework.boot.autoconfigure.transaction.TransactionAutoConfiguration' of type [org.springframework.boot.autoconfigure.transaction.TransactionAutoConfiguration$$EnhancerBySpringCGLIB$$9f454d4] is not eligible for getting processed by all BeanPostProcessors (for example: not eligible for auto-proxying)
2019-02-15 09:39:58.456  INFO 10180 --- [restartedMain] trationDelegate$BeanPostProcessorChecker : Bean 'spring.transaction-org.springframework.boot.autoconfigure.transaction.TransactionProperties' of type [org.springframework.boot.autoconfigure.transaction.TransactionProperties] is not eligible for getting processed by all BeanPostProcessors (for example: not eligible for auto-proxying)
2019-02-15 09:39:58.463  INFO 10180 --- [restartedMain] trationDelegate$BeanPostProcessorChecker : Bean 'platformTransactionManagerCustomizers' of type [org.springframework.boot.autoconfigure.transaction.TransactionManagerCustomizers] is not eligible for getting processed by all BeanPostProcessors (for example: not eligible for auto-proxying)
2019-02-15 09:39:58.480  INFO 10180 --- [restartedMain] trationDelegate$BeanPostProcessorChecker : Bean 'org.springframework.boot.autoconfigure.jdbc.metadata.DataSourcePoolMetadataProvidersConfiguration$HikariPoolDataSourceMetadataProviderConfiguration' of type [org.springframework.boot.autoconfigure.jdbc.metadata.DataSourcePoolMetadataProvidersConfiguration$HikariPoolDataSourceMetadataProviderConfiguration$$EnhancerBySpringCGLIB$$d5d781ae] is not eligible for getting processed by all BeanPostProcessors (for example: not eligible for auto-proxying)
2019-02-15 09:39:58.491  INFO 10180 --- [restartedMain] trationDelegate$BeanPostProcessorChecker : Bean 'hikariPoolDataSourceMetadataProvider' of type [org.springframework.boot.autoconfigure.jdbc.metadata.DataSourcePoolMetadataProvidersConfiguration$HikariPoolDataSourceMetadataProviderConfiguration$$Lambda$323/736127366] is not eligible for getting processed by all BeanPostProcessors (for example: not eligible for auto-proxying)
2019-02-15 09:39:58.524  INFO 10180 --- [restartedMain] trationDelegate$BeanPostProcessorChecker : Bean 'org.springframework.boot.autoconfigure.orm.jpa.HibernateJpaConfiguration' of type [org.springframework.boot.autoconfigure.orm.jpa.HibernateJpaConfiguration$$EnhancerBySpringCGLIB$$94571c39] is not eligible for getting processed by all BeanPostProcessors (for example: not eligible for auto-proxying)
2019-02-15 09:39:58.634  INFO 10180 --- [restartedMain] com.zaxxer.hikari.HikariDataSource       : HikariPool-1 - Starting...
2019-02-15 09:40:03.116  INFO 10180 --- [restartedMain] com.zaxxer.hikari.HikariDataSource       : HikariPool-1 - Start completed.
2019-02-15 09:40:03.157  INFO 10180 --- [restartedMain] trationDelegate$BeanPostProcessorChecker : Bean 'jpaVendorAdapter' of type [org.springframework.orm.jpa.vendor.HibernateJpaVendorAdapter] is not eligible for getting processed by all BeanPostProcessors (for example: not eligible for auto-proxying)
2019-02-15 09:40:03.173  INFO 10180 --- [restartedMain] trationDelegate$BeanPostProcessorChecker : Bean 'entityManagerFactoryBuilder' of type [org.springframework.boot.orm.jpa.EntityManagerFactoryBuilder] is not eligible for getting processed by all BeanPostProcessors (for example: not eligible for auto-proxying)
2019-02-15 09:40:13.969  INFO 10180 --- [restartedMain] j.LocalContainerEntityManagerFactoryBean : Initialized JPA EntityManagerFactory for persistence unit 'default'
2019-02-15 09:40:13.977  INFO 10180 --- [restartedMain] trationDelegate$BeanPostProcessorChecker : Bean 'entityManagerFactory' of type [org.springframework.orm.jpa.LocalContainerEntityManagerFactoryBean] is not eligible for getting processed by all BeanPostProcessors (for example: not eligible for auto-proxying)
2019-02-15 09:40:13.979  INFO 10180 --- [restartedMain] trationDelegate$BeanPostProcessorChecker : Bean 'entityManagerFactory' of type [com.sun.proxy.$Proxy86] is not eligible for getting processed by all BeanPostProcessors (for example: not eligible for auto-proxying)
2019-02-15 09:40:14.010  INFO 10180 --- [restartedMain] trationDelegate$BeanPostProcessorChecker : Bean '(inner bean)#2ee3c2b3' of type [com.sun.proxy.$Proxy88] is not eligible for getting processed by all BeanPostProcessors (for example: not eligible for auto-proxying)
2019-02-15 09:40:14.046  INFO 10180 --- [restartedMain] trationDelegate$BeanPostProcessorChecker : Bean 'jpaMappingContext' of type [org.springframework.data.jpa.repository.config.JpaMetamodelMappingContextFactoryBean] is not eligible for getting processed by all BeanPostProcessors (for example: not eligible for auto-proxying)
2019-02-15 09:40:14.048  INFO 10180 --- [restartedMain] trationDelegate$BeanPostProcessorChecker : Bean 'jpaMappingContext' of type [org.springframework.data.jpa.mapping.JpaMetamodelMappingContext] is not eligible for getting processed by all BeanPostProcessors (for example: not eligible for auto-proxying)
2019-02-15 09:40:14.674  INFO 10180 --- [restartedMain] trationDelegate$BeanPostProcessorChecker : Bean 'userRepository' of type [org.springframework.data.jpa.repository.support.JpaRepositoryFactoryBean] is not eligible for getting processed by all BeanPostProcessors (for example: not eligible for auto-proxying)
2019-02-15 09:40:14.677  INFO 10180 --- [restartedMain] trationDelegate$BeanPostProcessorChecker : Bean 'userRepository' of type [com.sun.proxy.$Proxy90] is not eligible for getting processed by all BeanPostProcessors (for example: not eligible for auto-proxying)
2019-02-15 09:40:14.689  INFO 10180 --- [restartedMain] trationDelegate$BeanPostProcessorChecker : Bean 'userServiceImpl' of type [com.yanchong.blog.Service.impl.UserServiceImpl] is not eligible for getting processed by all BeanPostProcessors (for example: not eligible for auto-proxying)
2019-02-15 09:40:14.692  INFO 10180 --- [restartedMain] trationDelegate$BeanPostProcessorChecker : Bean 'securityRealm' of type [com.yanchong.blog.Shiro.MySecurityRealm] is not eligible for getting processed by all BeanPostProcessors (for example: not eligible for auto-proxying)
2019-02-15 09:40:14.705  INFO 10180 --- [restartedMain] trationDelegate$BeanPostProcessorChecker : Bean 'securityManager' of type [org.apache.shiro.web.mgt.DefaultWebSecurityManager] is not eligible for getting processed by all BeanPostProcessors (for example: not eligible for auto-proxying)
2019-02-15 09:40:15.609  INFO 10180 --- [restartedMain] o.s.b.w.embedded.tomcat.TomcatWebServer  : Tomcat initialized with port(s): 8081 (http)
2019-02-15 09:40:15.672  INFO 10180 --- [restartedMain] o.apache.catalina.core.StandardService   : Starting service [Tomcat]
2019-02-15 09:40:15.673  INFO 10180 --- [restartedMain] org.apache.catalina.core.StandardEngine  : Starting Servlet Engine: Apache Tomcat/9.0.13
2019-02-15 09:40:15.691  INFO 10180 --- [restartedMain] o.a.catalina.core.AprLifecycleListener   : The APR based Apache Tomcat Native library which allows optimal performance in production environments was not found on the java.library.path: [/usr/java/packages/lib/amd64:/usr/lib/x86_64-linux-gnu/jni:/lib/x86_64-linux-gnu:/usr/lib/x86_64-linux-gnu:/usr/lib/jni:/lib:/usr/lib]
2019-02-15 09:40:15.905  INFO 10180 --- [restartedMain] o.a.c.c.C.[Tomcat].[localhost].[/]       : Initializing Spring embedded WebApplicationContext
2019-02-15 09:40:15.907  INFO 10180 --- [restartedMain] o.s.web.context.ContextLoader            : Root WebApplicationContext: initialization completed in 23986 ms
2019-02-15 09:40:16.968  INFO 10180 --- [restartedMain] o.s.s.concurrent.ThreadPoolTaskExecutor  : Initializing ExecutorService 'applicationTaskExecutor'
2019-02-15 09:40:17.347  WARN 10180 --- [restartedMain] org.thymeleaf.templatemode.TemplateMode  : [THYMELEAF][restartedMain] Template Mode 'HTML5' is deprecated. Using Template Mode 'HTML' instead.
2019-02-15 09:40:17.431  INFO 10180 --- [restartedMain] o.s.b.a.w.s.WelcomePageHandlerMapping    : Adding welcome page template: index
2019-02-15 09:40:17.787  INFO 10180 --- [restartedMain] o.s.b.d.a.OptionalLiveReloadServer       : LiveReload server is running on port 35729
2019-02-15 09:40:17.966  INFO 10180 --- [restartedMain] o.s.b.w.embedded.tomcat.TomcatWebServer  : Tomcat started on port(s): 8081 (http) with context path ''
2019-02-15 09:40:17.975  INFO 10180 --- [restartedMain] com.yanchong.blog.BlogApplication        : Started BlogApplication in 27.544 seconds (JVM running for 30.453)
2019-02-15 09:40:17.983  INFO 10180 --- [restartedMain] com.yanchong.blog.BlogApplication        : SpringBoot加载完毕
2019-02-15 09:49:02.171  INFO 10180 --- [Thread-58] o.s.s.concurrent.ThreadPoolTaskExecutor  : Shutting down ExecutorService 'applicationTaskExecutor'
2019-02-15 09:49:02.176  INFO 10180 --- [Thread-58] j.LocalContainerEntityManagerFactoryBean : Closing JPA EntityManagerFactory for persistence unit 'default'
2019-02-15 09:49:02.185  INFO 10180 --- [Thread-58] com.zaxxer.hikari.HikariDataSource       : HikariPool-1 - Shutdown initiated...
2019-02-15 09:49:02.229  INFO 10180 --- [Thread-58] com.zaxxer.hikari.HikariDataSource       : HikariPool-1 - Shutdown completed.
2019-02-15 09:49:02.970  INFO 10180 --- [restartedMain] com.yanchong.blog.BlogApplication        : SpringBoot开始加载
